0 info it worked if it ends with ok
1 verbose cli [ 'C:\\Program Files\\nodejs\\node.exe',
1 verbose cli   'C:\\Program Files\\nodejs\\node_modules\\npm\\bin\\npm-cli.js',
1 verbose cli   'install' ]
2 info using npm@3.3.12
3 info using node@v5.4.1
4 silly loadCurrentTree Starting
5 silly install loadCurrentTree
6 silly install readLocalPackageData
7 silly install normalizeTree
8 silly loadCurrentTree Finishing
9 silly loadIdealTree Starting
10 silly install loadIdealTree
11 silly cloneCurrentTree Starting
12 silly install cloneCurrentTreeToIdealTree
13 silly cloneCurrentTree Finishing
14 silly loadShrinkwrap Starting
15 silly install loadShrinkwrap
16 silly loadShrinkwrap Finishing
17 silly loadAllDepsIntoIdealTree Starting
18 silly install loadAllDepsIntoIdealTree
19 silly fetchNamedPackageData fsevents
20 silly mapToRegistry name fsevents
21 silly mapToRegistry using default registry
22 silly mapToRegistry registry https://registry.npmjs.org/
23 silly mapToRegistry uri https://registry.npmjs.org/fsevents
24 verbose request uri https://registry.npmjs.org/fsevents
25 verbose request no auth needed
26 info attempt registry request try #1 at 2:19:18 PM
27 verbose request id 865926556783a236
28 verbose etag "6WG2IHJ3R1KBCEVEQH5157IQJ"
29 http request GET https://registry.npmjs.org/fsevents
30 http 304 https://registry.npmjs.org/fsevents
31 verbose headers { date: 'Tue, 21 Jun 2016 06:19:19 GMT',
31 verbose headers   via: '1.1 varnish',
31 verbose headers   'cache-control': 'max-age=300',
31 verbose headers   etag: '"6WG2IHJ3R1KBCEVEQH5157IQJ"',
31 verbose headers   age: '300',
31 verbose headers   connection: 'keep-alive',
31 verbose headers   'x-served-by': 'cache-dfw1834-DFW',
31 verbose headers   'x-cache': 'HIT',
31 verbose headers   'x-cache-hits': '3',
31 verbose headers   'x-timer': 'S1466489959.561609,VS0,VE0',
31 verbose headers   vary: 'Accept-Encoding' }
32 silly get cb [ 304,
32 silly get   { date: 'Tue, 21 Jun 2016 06:19:19 GMT',
32 silly get     via: '1.1 varnish',
32 silly get     'cache-control': 'max-age=300',
32 silly get     etag: '"6WG2IHJ3R1KBCEVEQH5157IQJ"',
32 silly get     age: '300',
32 silly get     connection: 'keep-alive',
32 silly get     'x-served-by': 'cache-dfw1834-DFW',
32 silly get     'x-cache': 'HIT',
32 silly get     'x-cache-hits': '3',
32 silly get     'x-timer': 'S1466489959.561609,VS0,VE0',
32 silly get     vary: 'Accept-Encoding' } ]
33 verbose etag https://registry.npmjs.org/fsevents from cache
34 verbose get saving fsevents to C:\Users\binmohdg\AppData\Roaming\npm-cache\registry.npmjs.org\fsevents\.cache.json
35 silly resolveWithNewModule fsevents@1.0.12 checking installable status
36 warn install Couldn't install optional dependency: Unsupported
37 verbose install Error: Unsupported
37 verbose install     at checkPlatform (C:\Program Files\nodejs\node_modules\npm\node_modules\npm-install-checks\index.js:46:14)
37 verbose install     at Array.<anonymous> (C:\Program Files\nodejs\node_modules\npm\node_modules\slide\lib\bind-actor.js:15:8)
37 verbose install     at LOOP (C:\Program Files\nodejs\node_modules\npm\node_modules\slide\lib\chain.js:15:14)
37 verbose install     at C:\Program Files\nodejs\node_modules\npm\node_modules\slide\lib\chain.js:18:7
37 verbose install     at checkEngine (C:\Program Files\nodejs\node_modules\npm\node_modules\npm-install-checks\index.js:25:10)
37 verbose install     at Array.<anonymous> (C:\Program Files\nodejs\node_modules\npm\node_modules\slide\lib\bind-actor.js:15:8)
37 verbose install     at LOOP (C:\Program Files\nodejs\node_modules\npm\node_modules\slide\lib\chain.js:15:14)
37 verbose install     at chain (C:\Program Files\nodejs\node_modules\npm\node_modules\slide\lib\chain.js:20:5)
37 verbose install     at module.exports.isInstallable (C:\Program Files\nodejs\node_modules\npm\lib\install\validate-args.js:26:3)
37 verbose install     at resolveWithNewModule (C:\Program Files\nodejs\node_modules\npm\lib\install\deps.js:452:12)
38 silly loadAllDepsIntoIdealTree Finishing
39 silly idealTree:prePrune angular-seed@0.0.0
39 silly idealTree:prePrune ├─┬ accepts@1.1.4
39 silly idealTree:prePrune │ ├── mime-db@1.12.0
39 silly idealTree:prePrune │ └── mime-types@2.0.14
39 silly idealTree:prePrune ├── adm-zip@0.4.7
39 silly idealTree:prePrune ├── after@0.8.1
39 silly idealTree:prePrune ├─┬ agent-base@2.0.1
39 silly idealTree:prePrune │ └── semver@5.0.3
39 silly idealTree:prePrune ├── amdefine@1.0.0
39 silly idealTree:prePrune ├── ansi-regex@2.0.0
39 silly idealTree:prePrune ├── ansi-styles@2.2.1
39 silly idealTree:prePrune ├── anymatch@1.3.0
39 silly idealTree:prePrune ├── arr-diff@2.0.0
39 silly idealTree:prePrune ├── arr-flatten@1.0.1
39 silly idealTree:prePrune ├── array-slice@0.2.3
39 silly idealTree:prePrune ├── array-unique@0.2.1
39 silly idealTree:prePrune ├── arraybuffer.slice@0.0.6
39 silly idealTree:prePrune ├── arrify@1.0.1
39 silly idealTree:prePrune ├── asn1@0.2.3
39 silly idealTree:prePrune ├── assert-plus@0.2.0
39 silly idealTree:prePrune ├── async-each@1.0.0
39 silly idealTree:prePrune ├── async@0.9.0
39 silly idealTree:prePrune ├── aws-sign2@0.6.0
39 silly idealTree:prePrune ├── backo2@1.0.2
39 silly idealTree:prePrune ├── balanced-match@0.4.1
39 silly idealTree:prePrune ├── base64-arraybuffer@0.1.2
39 silly idealTree:prePrune ├── base64id@0.1.0
39 silly idealTree:prePrune ├── batch@0.5.3
39 silly idealTree:prePrune ├── benchmark@1.0.0
39 silly idealTree:prePrune ├── better-assert@1.0.2
39 silly idealTree:prePrune ├── binary-extensions@1.4.1
39 silly idealTree:prePrune ├─┬ bl@1.0.3
39 silly idealTree:prePrune │ └── readable-stream@2.0.6
39 silly idealTree:prePrune ├── blob@0.0.4
39 silly idealTree:prePrune ├── bluebird@2.10.2
39 silly idealTree:prePrune ├─┬ body-parser@1.15.1
39 silly idealTree:prePrune │ └── qs@6.1.0
39 silly idealTree:prePrune ├── boom@2.10.1
39 silly idealTree:prePrune ├── bower@1.7.9
39 silly idealTree:prePrune ├── brace-expansion@1.1.4
39 silly idealTree:prePrune ├── braces@1.8.5
39 silly idealTree:prePrune ├── buffer-shims@1.0.0
39 silly idealTree:prePrune ├── bytes@2.3.0
39 silly idealTree:prePrune ├── callsite@1.0.0
39 silly idealTree:prePrune ├── caseless@0.11.0
39 silly idealTree:prePrune ├── chalk@1.1.3
39 silly idealTree:prePrune ├── chokidar@1.5.2
39 silly idealTree:prePrune ├── colors@1.0.3
39 silly idealTree:prePrune ├── combined-stream@1.0.5
39 silly idealTree:prePrune ├── commander@2.9.0
39 silly idealTree:prePrune ├── component-bind@1.0.0
39 silly idealTree:prePrune ├── component-emitter@1.1.2
39 silly idealTree:prePrune ├── component-inherit@0.0.3
39 silly idealTree:prePrune ├── concat-map@0.0.1
39 silly idealTree:prePrune ├── connect@3.4.1
39 silly idealTree:prePrune ├── content-type@1.0.2
39 silly idealTree:prePrune ├── core-js@2.4.0
39 silly idealTree:prePrune ├── core-util-is@1.0.2
39 silly idealTree:prePrune ├── corser@2.0.0
39 silly idealTree:prePrune ├── cryptiles@2.0.5
39 silly idealTree:prePrune ├── custom-event@1.0.0
39 silly idealTree:prePrune ├─┬ dashdash@1.14.0
39 silly idealTree:prePrune │ └── assert-plus@1.0.0
39 silly idealTree:prePrune ├── debug@2.2.0
39 silly idealTree:prePrune ├── delayed-stream@1.0.0
39 silly idealTree:prePrune ├── depd@1.1.0
39 silly idealTree:prePrune ├── di@0.0.1
39 silly idealTree:prePrune ├── dom-serialize@2.2.1
39 silly idealTree:prePrune ├── ecc-jsbn@0.1.1
39 silly idealTree:prePrune ├── ecstatic@1.4.1
39 silly idealTree:prePrune ├── ee-first@1.1.1
39 silly idealTree:prePrune ├── engine.io-client@1.6.9
39 silly idealTree:prePrune ├─┬ engine.io-parser@1.2.4
39 silly idealTree:prePrune │ ├── has-binary@0.1.6
39 silly idealTree:prePrune │ └── isarray@0.0.1
39 silly idealTree:prePrune ├── engine.io@1.6.9
39 silly idealTree:prePrune ├── ent@2.2.0
39 silly idealTree:prePrune ├── escape-html@1.0.3
39 silly idealTree:prePrune ├── escape-string-regexp@1.0.5
39 silly idealTree:prePrune ├── eventemitter3@1.2.0
39 silly idealTree:prePrune ├── exit@0.1.2
39 silly idealTree:prePrune ├─┬ expand-braces@0.1.2
39 silly idealTree:prePrune │ ├── braces@0.1.5
39 silly idealTree:prePrune │ ├── expand-range@0.1.1
39 silly idealTree:prePrune │ ├── is-number@0.1.1
39 silly idealTree:prePrune │ └── repeat-string@0.2.2
39 silly idealTree:prePrune ├── expand-brackets@0.1.5
39 silly idealTree:prePrune ├── expand-range@1.8.2
39 silly idealTree:prePrune ├── extend@3.0.0
39 silly idealTree:prePrune ├── extglob@0.3.2
39 silly idealTree:prePrune ├── extsprintf@1.0.2
39 silly idealTree:prePrune ├── filename-regex@2.0.0
39 silly idealTree:prePrune ├── fill-range@2.2.3
39 silly idealTree:prePrune ├── finalhandler@0.4.1
39 silly idealTree:prePrune ├── for-in@0.1.5
39 silly idealTree:prePrune ├── for-own@0.1.4
39 silly idealTree:prePrune ├── forever-agent@0.6.1
39 silly idealTree:prePrune ├─┬ form-data@1.0.0-rc4
39 silly idealTree:prePrune │ └── async@1.5.2
39 silly idealTree:prePrune ├── fs-access@1.0.0
39 silly idealTree:prePrune ├── generate-function@2.0.0
39 silly idealTree:prePrune ├── generate-object-property@1.2.0
39 silly idealTree:prePrune ├─┬ getpass@0.1.6
39 silly idealTree:prePrune │ └── assert-plus@1.0.0
39 silly idealTree:prePrune ├── glob-base@0.3.0
39 silly idealTree:prePrune ├── glob-parent@2.0.0
39 silly idealTree:prePrune ├── glob@7.0.3
39 silly idealTree:prePrune ├── graceful-fs@4.1.4
39 silly idealTree:prePrune ├── graceful-readlink@1.0.1
39 silly idealTree:prePrune ├── har-validator@2.0.6
39 silly idealTree:prePrune ├── has-ansi@2.0.0
39 silly idealTree:prePrune ├─┬ has-binary@0.1.7
39 silly idealTree:prePrune │ └── isarray@0.0.1
39 silly idealTree:prePrune ├── has-cors@1.1.0
39 silly idealTree:prePrune ├── hawk@3.1.3
39 silly idealTree:prePrune ├── he@0.5.0
39 silly idealTree:prePrune ├── hoek@2.16.3
39 silly idealTree:prePrune ├── http-errors@1.4.0
39 silly idealTree:prePrune ├── http-proxy@1.13.3
39 silly idealTree:prePrune ├── http-server@0.9.0
39 silly idealTree:prePrune ├── http-signature@1.1.1
39 silly idealTree:prePrune ├── https-proxy-agent@1.0.0
39 silly idealTree:prePrune ├── iconv-lite@0.4.13
39 silly idealTree:prePrune ├── indexof@0.0.1
39 silly idealTree:prePrune ├── inflight@1.0.5
39 silly idealTree:prePrune ├── inherits@2.0.1
39 silly idealTree:prePrune ├── is-binary-path@1.0.1
39 silly idealTree:prePrune ├── is-buffer@1.1.3
39 silly idealTree:prePrune ├── is-dotfile@1.0.2
39 silly idealTree:prePrune ├── is-equal-shallow@0.1.3
39 silly idealTree:prePrune ├── is-extendable@0.1.1
39 silly idealTree:prePrune ├── is-extglob@1.0.0
39 silly idealTree:prePrune ├── is-glob@2.0.1
39 silly idealTree:prePrune ├── is-my-json-valid@2.13.1
39 silly idealTree:prePrune ├── is-number@2.1.0
39 silly idealTree:prePrune ├── is-posix-bracket@0.1.1
39 silly idealTree:prePrune ├── is-primitive@2.0.0
39 silly idealTree:prePrune ├── is-property@1.0.2
39 silly idealTree:prePrune ├── is-typedarray@1.0.0
39 silly idealTree:prePrune ├── isarray@1.0.0
39 silly idealTree:prePrune ├── isbinaryfile@3.0.0
39 silly idealTree:prePrune ├── isexe@1.1.2
39 silly idealTree:prePrune ├── isobject@2.1.0
39 silly idealTree:prePrune ├── isstream@0.1.2
39 silly idealTree:prePrune ├── jasmine-core@2.4.1
39 silly idealTree:prePrune ├─┬ jasmine@2.4.1
39 silly idealTree:prePrune │ ├── glob@3.2.11
39 silly idealTree:prePrune │ └── minimatch@0.3.0
39 silly idealTree:prePrune ├── jasminewd2@0.0.9
39 silly idealTree:prePrune ├── jodid25519@1.0.2
39 silly idealTree:prePrune ├── jsbn@0.1.0
39 silly idealTree:prePrune ├── json-schema@0.2.2
39 silly idealTree:prePrune ├── json-stringify-safe@5.0.1
39 silly idealTree:prePrune ├── json3@3.2.6
39 silly idealTree:prePrune ├── jsonpointer@2.0.0
39 silly idealTree:prePrune ├── jsprim@1.2.2
39 silly idealTree:prePrune ├── karma-chrome-launcher@0.2.3
39 silly idealTree:prePrune ├── karma-firefox-launcher@0.1.7
39 silly idealTree:prePrune ├── karma-jasmine@0.3.8
39 silly idealTree:prePrune ├── karma-junit-reporter@0.4.2
39 silly idealTree:prePrune ├─┬ karma@0.13.22
39 silly idealTree:prePrune │ └── colors@1.1.2
39 silly idealTree:prePrune ├── kind-of@3.0.3
39 silly idealTree:prePrune ├── lodash@3.10.1
39 silly idealTree:prePrune ├─┬ log4js@0.6.36
39 silly idealTree:prePrune │ ├── isarray@0.0.1
39 silly idealTree:prePrune │ └── readable-stream@1.0.34
39 silly idealTree:prePrune ├── lru-cache@2.2.4
39 silly idealTree:prePrune ├── media-typer@0.3.0
39 silly idealTree:prePrune ├── micromatch@2.3.8
39 silly idealTree:prePrune ├── mime-db@1.23.0
39 silly idealTree:prePrune ├── mime-types@2.1.11
39 silly idealTree:prePrune ├── mime@1.3.4
39 silly idealTree:prePrune ├── minimatch@3.0.0
39 silly idealTree:prePrune ├── minimist@1.2.0
39 silly idealTree:prePrune ├─┬ mkdirp@0.5.1
39 silly idealTree:prePrune │ └── minimist@0.0.8
39 silly idealTree:prePrune ├── ms@0.7.1
39 silly idealTree:prePrune ├── negotiator@0.4.9
39 silly idealTree:prePrune ├── node-uuid@1.4.7
39 silly idealTree:prePrune ├── normalize-path@2.0.1
39 silly idealTree:prePrune ├── null-check@1.0.0
39 silly idealTree:prePrune ├── oauth-sign@0.8.2
39 silly idealTree:prePrune ├── object-component@0.0.3
39 silly idealTree:prePrune ├── object.omit@2.0.0
39 silly idealTree:prePrune ├── on-finished@2.3.0
39 silly idealTree:prePrune ├── once@1.3.3
39 silly idealTree:prePrune ├── opener@1.4.1
39 silly idealTree:prePrune ├─┬ optimist@0.6.1
39 silly idealTree:prePrune │ └── minimist@0.0.10
39 silly idealTree:prePrune ├── options@0.0.6
39 silly idealTree:prePrune ├── parse-glob@3.0.4
39 silly idealTree:prePrune ├── parsejson@0.0.1
39 silly idealTree:prePrune ├── parseqs@0.0.2
39 silly idealTree:prePrune ├── parseuri@0.0.4
39 silly idealTree:prePrune ├── parseurl@1.3.1
39 silly idealTree:prePrune ├── path-is-absolute@1.0.0
39 silly idealTree:prePrune ├── pinkie-promise@2.0.1
39 silly idealTree:prePrune ├── pinkie@2.0.4
39 silly idealTree:prePrune ├── portfinder@0.4.0
39 silly idealTree:prePrune ├── preserve@0.2.0
39 silly idealTree:prePrune ├── process-nextick-args@1.0.7
39 silly idealTree:prePrune ├─┬ protractor@3.3.0
39 silly idealTree:prePrune │ └── glob@6.0.4
39 silly idealTree:prePrune ├── q@1.4.1
39 silly idealTree:prePrune ├── qs@2.3.3
39 silly idealTree:prePrune ├── randomatic@1.1.5
39 silly idealTree:prePrune ├── raw-body@2.1.6
39 silly idealTree:prePrune ├── readable-stream@2.1.4
39 silly idealTree:prePrune ├─┬ readdirp@2.0.0
39 silly idealTree:prePrune │ └── minimatch@2.0.10
39 silly idealTree:prePrune ├── regex-cache@0.4.3
39 silly idealTree:prePrune ├── repeat-element@1.1.2
39 silly idealTree:prePrune ├── repeat-string@1.5.4
39 silly idealTree:prePrune ├─┬ request@2.67.0
39 silly idealTree:prePrune │ └── qs@5.2.0
39 silly idealTree:prePrune ├── requires-port@1.0.0
39 silly idealTree:prePrune ├── rimraf@2.5.2
39 silly idealTree:prePrune ├── saucelabs@1.0.1
39 silly idealTree:prePrune ├── sax@0.6.1
39 silly idealTree:prePrune ├─┬ selenium-webdriver@2.52.0
39 silly idealTree:prePrune │ └── adm-zip@0.4.4
39 silly idealTree:prePrune ├── semver@4.3.6
39 silly idealTree:prePrune ├── shelljs@0.6.0
39 silly idealTree:prePrune ├── sigmund@1.0.1
39 silly idealTree:prePrune ├── sntp@1.0.9
39 silly idealTree:prePrune ├─┬ socket.io-adapter@0.4.0
39 silly idealTree:prePrune │ ├── isarray@0.0.1
39 silly idealTree:prePrune │ └─┬ socket.io-parser@2.2.2
39 silly idealTree:prePrune │   └── debug@0.7.4
39 silly idealTree:prePrune ├─┬ socket.io-client@1.4.6
39 silly idealTree:prePrune │ └── component-emitter@1.2.0
39 silly idealTree:prePrune ├─┬ socket.io-parser@2.2.6
39 silly idealTree:prePrune │ ├── isarray@0.0.1
39 silly idealTree:prePrune │ └── json3@3.3.2
39 silly idealTree:prePrune ├── socket.io@1.4.6
39 silly idealTree:prePrune ├─┬ source-map-support@0.4.0
39 silly idealTree:prePrune │ └── source-map@0.1.32
39 silly idealTree:prePrune ├── source-map@0.5.6
39 silly idealTree:prePrune ├─┬ sshpk@1.8.3
39 silly idealTree:prePrune │ └── assert-plus@1.0.0
39 silly idealTree:prePrune ├── statuses@1.3.0
39 silly idealTree:prePrune ├── string_decoder@0.10.31
39 silly idealTree:prePrune ├── stringstream@0.0.5
39 silly idealTree:prePrune ├── strip-ansi@3.0.1
39 silly idealTree:prePrune ├── supports-color@2.0.0
39 silly idealTree:prePrune ├── tmp@0.0.24
39 silly idealTree:prePrune ├── to-array@0.1.4
39 silly idealTree:prePrune ├── tough-cookie@2.2.2
39 silly idealTree:prePrune ├── tunnel-agent@0.4.3
39 silly idealTree:prePrune ├── tweetnacl@0.13.3
39 silly idealTree:prePrune ├── type-is@1.6.13
39 silly idealTree:prePrune ├── ultron@1.0.2
39 silly idealTree:prePrune ├── union@0.4.4
39 silly idealTree:prePrune ├── unpipe@1.0.0
39 silly idealTree:prePrune ├── url-join@1.1.0
39 silly idealTree:prePrune ├── useragent@2.1.9
39 silly idealTree:prePrune ├── utf8@2.1.0
39 silly idealTree:prePrune ├── util-deprecate@1.0.2
39 silly idealTree:prePrune ├── utils-merge@1.0.0
39 silly idealTree:prePrune ├── verror@1.3.6
39 silly idealTree:prePrune ├── void-elements@2.0.1
39 silly idealTree:prePrune ├── which@1.2.10
39 silly idealTree:prePrune ├── wordwrap@0.0.3
39 silly idealTree:prePrune ├── wrappy@1.0.2
39 silly idealTree:prePrune ├── ws@1.0.1
39 silly idealTree:prePrune ├── xml2js@0.4.4
39 silly idealTree:prePrune ├── xmlbuilder@3.1.0
39 silly idealTree:prePrune ├── xmlhttprequest-ssl@1.5.1
39 silly idealTree:prePrune ├── xtend@4.0.1
39 silly idealTree:prePrune └── yeast@0.1.2
40 silly loadIdealTree Finishing
41 silly currentTree angular-seed@0.0.0
41 silly currentTree ├─┬ accepts@1.1.4
41 silly currentTree │ ├── mime-db@1.12.0
41 silly currentTree │ └── mime-types@2.0.14
41 silly currentTree ├── adm-zip@0.4.7
41 silly currentTree ├── after@0.8.1
41 silly currentTree ├─┬ agent-base@2.0.1
41 silly currentTree │ └── semver@5.0.3
41 silly currentTree ├── amdefine@1.0.0
41 silly currentTree ├── ansi-regex@2.0.0
41 silly currentTree ├── ansi-styles@2.2.1
41 silly currentTree ├── anymatch@1.3.0
41 silly currentTree ├── arr-diff@2.0.0
41 silly currentTree ├── arr-flatten@1.0.1
41 silly currentTree ├── array-slice@0.2.3
41 silly currentTree ├── array-unique@0.2.1
41 silly currentTree ├── arraybuffer.slice@0.0.6
41 silly currentTree ├── arrify@1.0.1
41 silly currentTree ├── asn1@0.2.3
41 silly currentTree ├── assert-plus@0.2.0
41 silly currentTree ├── async-each@1.0.0
41 silly currentTree ├── async@0.9.0
41 silly currentTree ├── aws-sign2@0.6.0
41 silly currentTree ├── backo2@1.0.2
41 silly currentTree ├── balanced-match@0.4.1
41 silly currentTree ├── base64-arraybuffer@0.1.2
41 silly currentTree ├── base64id@0.1.0
41 silly currentTree ├── batch@0.5.3
41 silly currentTree ├── benchmark@1.0.0
41 silly currentTree ├── better-assert@1.0.2
41 silly currentTree ├── binary-extensions@1.4.1
41 silly currentTree ├─┬ bl@1.0.3
41 silly currentTree │ └── readable-stream@2.0.6
41 silly currentTree ├── blob@0.0.4
41 silly currentTree ├── bluebird@2.10.2
41 silly currentTree ├─┬ body-parser@1.15.1
41 silly currentTree │ └── qs@6.1.0
41 silly currentTree ├── boom@2.10.1
41 silly currentTree ├── bower@1.7.9
41 silly currentTree ├── brace-expansion@1.1.4
41 silly currentTree ├── braces@1.8.5
41 silly currentTree ├── buffer-shims@1.0.0
41 silly currentTree ├── bytes@2.3.0
41 silly currentTree ├── callsite@1.0.0
41 silly currentTree ├── caseless@0.11.0
41 silly currentTree ├── chalk@1.1.3
41 silly currentTree ├── chokidar@1.5.2
41 silly currentTree ├── colors@1.0.3
41 silly currentTree ├── combined-stream@1.0.5
41 silly currentTree ├── commander@2.9.0
41 silly currentTree ├── component-bind@1.0.0
41 silly currentTree ├── component-emitter@1.1.2
41 silly currentTree ├── component-inherit@0.0.3
41 silly currentTree ├── concat-map@0.0.1
41 silly currentTree ├── connect@3.4.1
41 silly currentTree ├── content-type@1.0.2
41 silly currentTree ├── core-js@2.4.0
41 silly currentTree ├── core-util-is@1.0.2
41 silly currentTree ├── corser@2.0.0
41 silly currentTree ├── cryptiles@2.0.5
41 silly currentTree ├── custom-event@1.0.0
41 silly currentTree ├─┬ dashdash@1.14.0
41 silly currentTree │ └── assert-plus@1.0.0
41 silly currentTree ├── debug@2.2.0
41 silly currentTree ├── delayed-stream@1.0.0
41 silly currentTree ├── depd@1.1.0
41 silly currentTree ├── di@0.0.1
41 silly currentTree ├── dom-serialize@2.2.1
41 silly currentTree ├── ecc-jsbn@0.1.1
41 silly currentTree ├── ecstatic@1.4.1
41 silly currentTree ├── ee-first@1.1.1
41 silly currentTree ├── engine.io-client@1.6.9
41 silly currentTree ├─┬ engine.io-parser@1.2.4
41 silly currentTree │ ├── has-binary@0.1.6
41 silly currentTree │ └── isarray@0.0.1
41 silly currentTree ├── engine.io@1.6.9
41 silly currentTree ├── ent@2.2.0
41 silly currentTree ├── escape-html@1.0.3
41 silly currentTree ├── escape-string-regexp@1.0.5
41 silly currentTree ├── eventemitter3@1.2.0
41 silly currentTree ├── exit@0.1.2
41 silly currentTree ├─┬ expand-braces@0.1.2
41 silly currentTree │ ├── braces@0.1.5
41 silly currentTree │ ├── expand-range@0.1.1
41 silly currentTree │ ├── is-number@0.1.1
41 silly currentTree │ └── repeat-string@0.2.2
41 silly currentTree ├── expand-brackets@0.1.5
41 silly currentTree ├── expand-range@1.8.2
41 silly currentTree ├── extend@3.0.0
41 silly currentTree ├── extglob@0.3.2
41 silly currentTree ├── extsprintf@1.0.2
41 silly currentTree ├── filename-regex@2.0.0
41 silly currentTree ├── fill-range@2.2.3
41 silly currentTree ├── finalhandler@0.4.1
41 silly currentTree ├── for-in@0.1.5
41 silly currentTree ├── for-own@0.1.4
41 silly currentTree ├── forever-agent@0.6.1
41 silly currentTree ├─┬ form-data@1.0.0-rc4
41 silly currentTree │ └── async@1.5.2
41 silly currentTree ├── fs-access@1.0.0
41 silly currentTree ├── generate-function@2.0.0
41 silly currentTree ├── generate-object-property@1.2.0
41 silly currentTree ├─┬ getpass@0.1.6
41 silly currentTree │ └── assert-plus@1.0.0
41 silly currentTree ├── glob-base@0.3.0
41 silly currentTree ├── glob-parent@2.0.0
41 silly currentTree ├── glob@7.0.3
41 silly currentTree ├── graceful-fs@4.1.4
41 silly currentTree ├── graceful-readlink@1.0.1
41 silly currentTree ├── har-validator@2.0.6
41 silly currentTree ├── has-ansi@2.0.0
41 silly currentTree ├─┬ has-binary@0.1.7
41 silly currentTree │ └── isarray@0.0.1
41 silly currentTree ├── has-cors@1.1.0
41 silly currentTree ├── hawk@3.1.3
41 silly currentTree ├── he@0.5.0
41 silly currentTree ├── hoek@2.16.3
41 silly currentTree ├── http-errors@1.4.0
41 silly currentTree ├── http-proxy@1.13.3
41 silly currentTree ├── http-server@0.9.0
41 silly currentTree ├── http-signature@1.1.1
41 silly currentTree ├── https-proxy-agent@1.0.0
41 silly currentTree ├── iconv-lite@0.4.13
41 silly currentTree ├── indexof@0.0.1
41 silly currentTree ├── inflight@1.0.5
41 silly currentTree ├── inherits@2.0.1
41 silly currentTree ├── is-binary-path@1.0.1
41 silly currentTree ├── is-buffer@1.1.3
41 silly currentTree ├── is-dotfile@1.0.2
41 silly currentTree ├── is-equal-shallow@0.1.3
41 silly currentTree ├── is-extendable@0.1.1
41 silly currentTree ├── is-extglob@1.0.0
41 silly currentTree ├── is-glob@2.0.1
41 silly currentTree ├── is-my-json-valid@2.13.1
41 silly currentTree ├── is-number@2.1.0
41 silly currentTree ├── is-posix-bracket@0.1.1
41 silly currentTree ├── is-primitive@2.0.0
41 silly currentTree ├── is-property@1.0.2
41 silly currentTree ├── is-typedarray@1.0.0
41 silly currentTree ├── isarray@1.0.0
41 silly currentTree ├── isbinaryfile@3.0.0
41 silly currentTree ├── isexe@1.1.2
41 silly currentTree ├── isobject@2.1.0
41 silly currentTree ├── isstream@0.1.2
41 silly currentTree ├── jasmine-core@2.4.1
41 silly currentTree ├─┬ jasmine@2.4.1
41 silly currentTree │ ├── glob@3.2.11
41 silly currentTree │ └── minimatch@0.3.0
41 silly currentTree ├── jasminewd2@0.0.9
41 silly currentTree ├── jodid25519@1.0.2
41 silly currentTree ├── jsbn@0.1.0
41 silly currentTree ├── json-schema@0.2.2
41 silly currentTree ├── json-stringify-safe@5.0.1
41 silly currentTree ├── json3@3.2.6
41 silly currentTree ├── jsonpointer@2.0.0
41 silly currentTree ├── jsprim@1.2.2
41 silly currentTree ├── karma-chrome-launcher@0.2.3
41 silly currentTree ├── karma-firefox-launcher@0.1.7
41 silly currentTree ├── karma-jasmine@0.3.8
41 silly currentTree ├── karma-junit-reporter@0.4.2
41 silly currentTree ├─┬ karma@0.13.22
41 silly currentTree │ └── colors@1.1.2
41 silly currentTree ├── kind-of@3.0.3
41 silly currentTree ├── lodash@3.10.1
41 silly currentTree ├─┬ log4js@0.6.36
41 silly currentTree │ ├── isarray@0.0.1
41 silly currentTree │ └── readable-stream@1.0.34
41 silly currentTree ├── lru-cache@2.2.4
41 silly currentTree ├── media-typer@0.3.0
41 silly currentTree ├── micromatch@2.3.8
41 silly currentTree ├── mime-db@1.23.0
41 silly currentTree ├── mime-types@2.1.11
41 silly currentTree ├── mime@1.3.4
41 silly currentTree ├── minimatch@3.0.0
41 silly currentTree ├── minimist@1.2.0
41 silly currentTree ├─┬ mkdirp@0.5.1
41 silly currentTree │ └── minimist@0.0.8
41 silly currentTree ├── ms@0.7.1
41 silly currentTree ├── negotiator@0.4.9
41 silly currentTree ├── node-uuid@1.4.7
41 silly currentTree ├── normalize-path@2.0.1
41 silly currentTree ├── null-check@1.0.0
41 silly currentTree ├── oauth-sign@0.8.2
41 silly currentTree ├── object-component@0.0.3
41 silly currentTree ├── object.omit@2.0.0
41 silly currentTree ├── on-finished@2.3.0
41 silly currentTree ├── once@1.3.3
41 silly currentTree ├── opener@1.4.1
41 silly currentTree ├─┬ optimist@0.6.1
41 silly currentTree │ └── minimist@0.0.10
41 silly currentTree ├── options@0.0.6
41 silly currentTree ├── parse-glob@3.0.4
41 silly currentTree ├── parsejson@0.0.1
41 silly currentTree ├── parseqs@0.0.2
41 silly currentTree ├── parseuri@0.0.4
41 silly currentTree ├── parseurl@1.3.1
41 silly currentTree ├── path-is-absolute@1.0.0
41 silly currentTree ├── pinkie-promise@2.0.1
41 silly currentTree ├── pinkie@2.0.4
41 silly currentTree ├── portfinder@0.4.0
41 silly currentTree ├── preserve@0.2.0
41 silly currentTree ├── process-nextick-args@1.0.7
41 silly currentTree ├─┬ protractor@3.3.0
41 silly currentTree │ └── glob@6.0.4
41 silly currentTree ├── q@1.4.1
41 silly currentTree ├── qs@2.3.3
41 silly currentTree ├── randomatic@1.1.5
41 silly currentTree ├── raw-body@2.1.6
41 silly currentTree ├── readable-stream@2.1.4
41 silly currentTree ├─┬ readdirp@2.0.0
41 silly currentTree │ └── minimatch@2.0.10
41 silly currentTree ├── regex-cache@0.4.3
41 silly currentTree ├── repeat-element@1.1.2
41 silly currentTree ├── repeat-string@1.5.4
41 silly currentTree ├─┬ request@2.67.0
41 silly currentTree │ └── qs@5.2.0
41 silly currentTree ├── requires-port@1.0.0
41 silly currentTree ├── rimraf@2.5.2
41 silly currentTree ├── saucelabs@1.0.1
41 silly currentTree ├── sax@0.6.1
41 silly currentTree ├─┬ selenium-webdriver@2.52.0
41 silly currentTree │ └── adm-zip@0.4.4
41 silly currentTree ├── semver@4.3.6
41 silly currentTree ├── shelljs@0.6.0
41 silly currentTree ├── sigmund@1.0.1
41 silly currentTree ├── sntp@1.0.9
41 silly currentTree ├─┬ socket.io-adapter@0.4.0
41 silly currentTree │ ├── isarray@0.0.1
41 silly currentTree │ └─┬ socket.io-parser@2.2.2
41 silly currentTree │   └── debug@0.7.4
41 silly currentTree ├─┬ socket.io-client@1.4.6
41 silly currentTree │ └── component-emitter@1.2.0
41 silly currentTree ├─┬ socket.io-parser@2.2.6
41 silly currentTree │ ├── isarray@0.0.1
41 silly currentTree │ └── json3@3.3.2
41 silly currentTree ├── socket.io@1.4.6
41 silly currentTree ├─┬ source-map-support@0.4.0
41 silly currentTree │ └── source-map@0.1.32
41 silly currentTree ├── source-map@0.5.6
41 silly currentTree ├─┬ sshpk@1.8.3
41 silly currentTree │ └── assert-plus@1.0.0
41 silly currentTree ├── statuses@1.3.0
41 silly currentTree ├── string_decoder@0.10.31
41 silly currentTree ├── stringstream@0.0.5
41 silly currentTree ├── strip-ansi@3.0.1
41 silly currentTree ├── supports-color@2.0.0
41 silly currentTree ├── tmp@0.0.24
41 silly currentTree ├── to-array@0.1.4
41 silly currentTree ├── tough-cookie@2.2.2
41 silly currentTree ├── tunnel-agent@0.4.3
41 silly currentTree ├── tweetnacl@0.13.3
41 silly currentTree ├── type-is@1.6.13
41 silly currentTree ├── ultron@1.0.2
41 silly currentTree ├── union@0.4.4
41 silly currentTree ├── unpipe@1.0.0
41 silly currentTree ├── url-join@1.1.0
41 silly currentTree ├── useragent@2.1.9
41 silly currentTree ├── utf8@2.1.0
41 silly currentTree ├── util-deprecate@1.0.2
41 silly currentTree ├── utils-merge@1.0.0
41 silly currentTree ├── verror@1.3.6
41 silly currentTree ├── void-elements@2.0.1
41 silly currentTree ├── which@1.2.10
41 silly currentTree ├── wordwrap@0.0.3
41 silly currentTree ├── wrappy@1.0.2
41 silly currentTree ├── ws@1.0.1
41 silly currentTree ├── xml2js@0.4.4
41 silly currentTree ├── xmlbuilder@3.1.0
41 silly currentTree ├── xmlhttprequest-ssl@1.5.1
41 silly currentTree ├── xtend@4.0.1
41 silly currentTree └── yeast@0.1.2
42 silly idealTree angular-seed@0.0.0
42 silly idealTree ├─┬ accepts@1.1.4
42 silly idealTree │ ├── mime-db@1.12.0
42 silly idealTree │ └── mime-types@2.0.14
42 silly idealTree ├── adm-zip@0.4.7
42 silly idealTree ├── after@0.8.1
42 silly idealTree ├─┬ agent-base@2.0.1
42 silly idealTree │ └── semver@5.0.3
42 silly idealTree ├── amdefine@1.0.0
42 silly idealTree ├── ansi-regex@2.0.0
42 silly idealTree ├── ansi-styles@2.2.1
42 silly idealTree ├── anymatch@1.3.0
42 silly idealTree ├── arr-diff@2.0.0
42 silly idealTree ├── arr-flatten@1.0.1
42 silly idealTree ├── array-slice@0.2.3
42 silly idealTree ├── array-unique@0.2.1
42 silly idealTree ├── arraybuffer.slice@0.0.6
42 silly idealTree ├── arrify@1.0.1
42 silly idealTree ├── asn1@0.2.3
42 silly idealTree ├── assert-plus@0.2.0
42 silly idealTree ├── async-each@1.0.0
42 silly idealTree ├── async@0.9.0
42 silly idealTree ├── aws-sign2@0.6.0
42 silly idealTree ├── backo2@1.0.2
42 silly idealTree ├── balanced-match@0.4.1
42 silly idealTree ├── base64-arraybuffer@0.1.2
42 silly idealTree ├── base64id@0.1.0
42 silly idealTree ├── batch@0.5.3
42 silly idealTree ├── benchmark@1.0.0
42 silly idealTree ├── better-assert@1.0.2
42 silly idealTree ├── binary-extensions@1.4.1
42 silly idealTree ├─┬ bl@1.0.3
42 silly idealTree │ └── readable-stream@2.0.6
42 silly idealTree ├── blob@0.0.4
42 silly idealTree ├── bluebird@2.10.2
42 silly idealTree ├─┬ body-parser@1.15.1
42 silly idealTree │ └── qs@6.1.0
42 silly idealTree ├── boom@2.10.1
42 silly idealTree ├── bower@1.7.9
42 silly idealTree ├── brace-expansion@1.1.4
42 silly idealTree ├── braces@1.8.5
42 silly idealTree ├── buffer-shims@1.0.0
42 silly idealTree ├── bytes@2.3.0
42 silly idealTree ├── callsite@1.0.0
42 silly idealTree ├── caseless@0.11.0
42 silly idealTree ├── chalk@1.1.3
42 silly idealTree ├── chokidar@1.5.2
42 silly idealTree ├── colors@1.0.3
42 silly idealTree ├── combined-stream@1.0.5
42 silly idealTree ├── commander@2.9.0
42 silly idealTree ├── component-bind@1.0.0
42 silly idealTree ├── component-emitter@1.1.2
42 silly idealTree ├── component-inherit@0.0.3
42 silly idealTree ├── concat-map@0.0.1
42 silly idealTree ├── connect@3.4.1
42 silly idealTree ├── content-type@1.0.2
42 silly idealTree ├── core-js@2.4.0
42 silly idealTree ├── core-util-is@1.0.2
42 silly idealTree ├── corser@2.0.0
42 silly idealTree ├── cryptiles@2.0.5
42 silly idealTree ├── custom-event@1.0.0
42 silly idealTree ├─┬ dashdash@1.14.0
42 silly idealTree │ └── assert-plus@1.0.0
42 silly idealTree ├── debug@2.2.0
42 silly idealTree ├── delayed-stream@1.0.0
42 silly idealTree ├── depd@1.1.0
42 silly idealTree ├── di@0.0.1
42 silly idealTree ├── dom-serialize@2.2.1
42 silly idealTree ├── ecc-jsbn@0.1.1
42 silly idealTree ├── ecstatic@1.4.1
42 silly idealTree ├── ee-first@1.1.1
42 silly idealTree ├── engine.io-client@1.6.9
42 silly idealTree ├─┬ engine.io-parser@1.2.4
42 silly idealTree │ ├── has-binary@0.1.6
42 silly idealTree │ └── isarray@0.0.1
42 silly idealTree ├── engine.io@1.6.9
42 silly idealTree ├── ent@2.2.0
42 silly idealTree ├── escape-html@1.0.3
42 silly idealTree ├── escape-string-regexp@1.0.5
42 silly idealTree ├── eventemitter3@1.2.0
42 silly idealTree ├── exit@0.1.2
42 silly idealTree ├─┬ expand-braces@0.1.2
42 silly idealTree │ ├── braces@0.1.5
42 silly idealTree │ ├── expand-range@0.1.1
42 silly idealTree │ ├── is-number@0.1.1
42 silly idealTree │ └── repeat-string@0.2.2
42 silly idealTree ├── expand-brackets@0.1.5
42 silly idealTree ├── expand-range@1.8.2
42 silly idealTree ├── extend@3.0.0
42 silly idealTree ├── extglob@0.3.2
42 silly idealTree ├── extsprintf@1.0.2
42 silly idealTree ├── filename-regex@2.0.0
42 silly idealTree ├── fill-range@2.2.3
42 silly idealTree ├── finalhandler@0.4.1
42 silly idealTree ├── for-in@0.1.5
42 silly idealTree ├── for-own@0.1.4
42 silly idealTree ├── forever-agent@0.6.1
42 silly idealTree ├─┬ form-data@1.0.0-rc4
42 silly idealTree │ └── async@1.5.2
42 silly idealTree ├── fs-access@1.0.0
42 silly idealTree ├── generate-function@2.0.0
42 silly idealTree ├── generate-object-property@1.2.0
42 silly idealTree ├─┬ getpass@0.1.6
42 silly idealTree │ └── assert-plus@1.0.0
42 silly idealTree ├── glob-base@0.3.0
42 silly idealTree ├── glob-parent@2.0.0
42 silly idealTree ├── glob@7.0.3
42 silly idealTree ├── graceful-fs@4.1.4
42 silly idealTree ├── graceful-readlink@1.0.1
42 silly idealTree ├── har-validator@2.0.6
42 silly idealTree ├── has-ansi@2.0.0
42 silly idealTree ├─┬ has-binary@0.1.7
42 silly idealTree │ └── isarray@0.0.1
42 silly idealTree ├── has-cors@1.1.0
42 silly idealTree ├── hawk@3.1.3
42 silly idealTree ├── he@0.5.0
42 silly idealTree ├── hoek@2.16.3
42 silly idealTree ├── http-errors@1.4.0
42 silly idealTree ├── http-proxy@1.13.3
42 silly idealTree ├── http-server@0.9.0
42 silly idealTree ├── http-signature@1.1.1
42 silly idealTree ├── https-proxy-agent@1.0.0
42 silly idealTree ├── iconv-lite@0.4.13
42 silly idealTree ├── indexof@0.0.1
42 silly idealTree ├── inflight@1.0.5
42 silly idealTree ├── inherits@2.0.1
42 silly idealTree ├── is-binary-path@1.0.1
42 silly idealTree ├── is-buffer@1.1.3
42 silly idealTree ├── is-dotfile@1.0.2
42 silly idealTree ├── is-equal-shallow@0.1.3
42 silly idealTree ├── is-extendable@0.1.1
42 silly idealTree ├── is-extglob@1.0.0
42 silly idealTree ├── is-glob@2.0.1
42 silly idealTree ├── is-my-json-valid@2.13.1
42 silly idealTree ├── is-number@2.1.0
42 silly idealTree ├── is-posix-bracket@0.1.1
42 silly idealTree ├── is-primitive@2.0.0
42 silly idealTree ├── is-property@1.0.2
42 silly idealTree ├── is-typedarray@1.0.0
42 silly idealTree ├── isarray@1.0.0
42 silly idealTree ├── isbinaryfile@3.0.0
42 silly idealTree ├── isexe@1.1.2
42 silly idealTree ├── isobject@2.1.0
42 silly idealTree ├── isstream@0.1.2
42 silly idealTree ├── jasmine-core@2.4.1
42 silly idealTree ├─┬ jasmine@2.4.1
42 silly idealTree │ ├── glob@3.2.11
42 silly idealTree │ └── minimatch@0.3.0
42 silly idealTree ├── jasminewd2@0.0.9
42 silly idealTree ├── jodid25519@1.0.2
42 silly idealTree ├── jsbn@0.1.0
42 silly idealTree ├── json-schema@0.2.2
42 silly idealTree ├── json-stringify-safe@5.0.1
42 silly idealTree ├── json3@3.2.6
42 silly idealTree ├── jsonpointer@2.0.0
42 silly idealTree ├── jsprim@1.2.2
42 silly idealTree ├── karma-chrome-launcher@0.2.3
42 silly idealTree ├── karma-firefox-launcher@0.1.7
42 silly idealTree ├── karma-jasmine@0.3.8
42 silly idealTree ├── karma-junit-reporter@0.4.2
42 silly idealTree ├─┬ karma@0.13.22
42 silly idealTree │ └── colors@1.1.2
42 silly idealTree ├── kind-of@3.0.3
42 silly idealTree ├── lodash@3.10.1
42 silly idealTree ├─┬ log4js@0.6.36
42 silly idealTree │ ├── isarray@0.0.1
42 silly idealTree │ └── readable-stream@1.0.34
42 silly idealTree ├── lru-cache@2.2.4
42 silly idealTree ├── media-typer@0.3.0
42 silly idealTree ├── micromatch@2.3.8
42 silly idealTree ├── mime-db@1.23.0
42 silly idealTree ├── mime-types@2.1.11
42 silly idealTree ├── mime@1.3.4
42 silly idealTree ├── minimatch@3.0.0
42 silly idealTree ├── minimist@1.2.0
42 silly idealTree ├─┬ mkdirp@0.5.1
42 silly idealTree │ └── minimist@0.0.8
42 silly idealTree ├── ms@0.7.1
42 silly idealTree ├── negotiator@0.4.9
42 silly idealTree ├── node-uuid@1.4.7
42 silly idealTree ├── normalize-path@2.0.1
42 silly idealTree ├── null-check@1.0.0
42 silly idealTree ├── oauth-sign@0.8.2
42 silly idealTree ├── object-component@0.0.3
42 silly idealTree ├── object.omit@2.0.0
42 silly idealTree ├── on-finished@2.3.0
42 silly idealTree ├── once@1.3.3
42 silly idealTree ├── opener@1.4.1
42 silly idealTree ├─┬ optimist@0.6.1
42 silly idealTree │ └── minimist@0.0.10
42 silly idealTree ├── options@0.0.6
42 silly idealTree ├── parse-glob@3.0.4
42 silly idealTree ├── parsejson@0.0.1
42 silly idealTree ├── parseqs@0.0.2
42 silly idealTree ├── parseuri@0.0.4
42 silly idealTree ├── parseurl@1.3.1
42 silly idealTree ├── path-is-absolute@1.0.0
42 silly idealTree ├── pinkie-promise@2.0.1
42 silly idealTree ├── pinkie@2.0.4
42 silly idealTree ├── portfinder@0.4.0
42 silly idealTree ├── preserve@0.2.0
42 silly idealTree ├── process-nextick-args@1.0.7
42 silly idealTree ├─┬ protractor@3.3.0
42 silly idealTree │ └── glob@6.0.4
42 silly idealTree ├── q@1.4.1
42 silly idealTree ├── qs@2.3.3
42 silly idealTree ├── randomatic@1.1.5
42 silly idealTree ├── raw-body@2.1.6
42 silly idealTree ├── readable-stream@2.1.4
42 silly idealTree ├─┬ readdirp@2.0.0
42 silly idealTree │ └── minimatch@2.0.10
42 silly idealTree ├── regex-cache@0.4.3
42 silly idealTree ├── repeat-element@1.1.2
42 silly idealTree ├── repeat-string@1.5.4
42 silly idealTree ├─┬ request@2.67.0
42 silly idealTree │ └── qs@5.2.0
42 silly idealTree ├── requires-port@1.0.0
42 silly idealTree ├── rimraf@2.5.2
42 silly idealTree ├── saucelabs@1.0.1
42 silly idealTree ├── sax@0.6.1
42 silly idealTree ├─┬ selenium-webdriver@2.52.0
42 silly idealTree │ └── adm-zip@0.4.4
42 silly idealTree ├── semver@4.3.6
42 silly idealTree ├── shelljs@0.6.0
42 silly idealTree ├── sigmund@1.0.1
42 silly idealTree ├── sntp@1.0.9
42 silly idealTree ├─┬ socket.io-adapter@0.4.0
42 silly idealTree │ ├── isarray@0.0.1
42 silly idealTree │ └─┬ socket.io-parser@2.2.2
42 silly idealTree │   └── debug@0.7.4
42 silly idealTree ├─┬ socket.io-client@1.4.6
42 silly idealTree │ └── component-emitter@1.2.0
42 silly idealTree ├─┬ socket.io-parser@2.2.6
42 silly idealTree │ ├── isarray@0.0.1
42 silly idealTree │ └── json3@3.3.2
42 silly idealTree ├── socket.io@1.4.6
42 silly idealTree ├─┬ source-map-support@0.4.0
42 silly idealTree │ └── source-map@0.1.32
42 silly idealTree ├── source-map@0.5.6
42 silly idealTree ├─┬ sshpk@1.8.3
42 silly idealTree │ └── assert-plus@1.0.0
42 silly idealTree ├── statuses@1.3.0
42 silly idealTree ├── string_decoder@0.10.31
42 silly idealTree ├── stringstream@0.0.5
42 silly idealTree ├── strip-ansi@3.0.1
42 silly idealTree ├── supports-color@2.0.0
42 silly idealTree ├── tmp@0.0.24
42 silly idealTree ├── to-array@0.1.4
42 silly idealTree ├── tough-cookie@2.2.2
42 silly idealTree ├── tunnel-agent@0.4.3
42 silly idealTree ├── tweetnacl@0.13.3
42 silly idealTree ├── type-is@1.6.13
42 silly idealTree ├── ultron@1.0.2
42 silly idealTree ├── union@0.4.4
42 silly idealTree ├── unpipe@1.0.0
42 silly idealTree ├── url-join@1.1.0
42 silly idealTree ├── useragent@2.1.9
42 silly idealTree ├── utf8@2.1.0
42 silly idealTree ├── util-deprecate@1.0.2
42 silly idealTree ├── utils-merge@1.0.0
42 silly idealTree ├── verror@1.3.6
42 silly idealTree ├── void-elements@2.0.1
42 silly idealTree ├── which@1.2.10
42 silly idealTree ├── wordwrap@0.0.3
42 silly idealTree ├── wrappy@1.0.2
42 silly idealTree ├── ws@1.0.1
42 silly idealTree ├── xml2js@0.4.4
42 silly idealTree ├── xmlbuilder@3.1.0
42 silly idealTree ├── xmlhttprequest-ssl@1.5.1
42 silly idealTree ├── xtend@4.0.1
42 silly idealTree └── yeast@0.1.2
43 silly generateActionsToTake Starting
44 silly install generateActionsToTake
45 silly generateActionsToTake Finishing
46 silly diffTrees action count 0
47 silly decomposeActions action count 0
48 silly executeActions Starting
49 silly install executeActions
50 silly doSerial global-install 0
51 silly doParallel fetch 0
52 verbose lock using C:\Users\binmohdg\AppData\Roaming\npm-cache\_locks\staging-5bb5c2b3404d8437.lock for C:\Users\binmohdg\myAngularSeed\node_modules\.staging
53 silly doParallel extract 0
54 silly doParallel preinstall 0
55 silly doReverseSerial remove 0
56 silly doSerial move 0
57 silly doSerial finalize 0
58 silly doSerial build 0
59 silly doSerial global-link 0
60 silly doParallel update-linked 0
61 silly doSerial install 0
62 silly doSerial postinstall 0
63 verbose unlock done using C:\Users\binmohdg\AppData\Roaming\npm-cache\_locks\staging-5bb5c2b3404d8437.lock for C:\Users\binmohdg\myAngularSeed\node_modules\.staging
64 silly executeActions Finishing
65 silly rollbackFailedOptional Starting
66 silly rollbackFailedOptional Finishing
67 silly runTopLevelLifecycles Starting
68 silly install runTopLevelLifecycles
69 silly preinstall angular-seed@0.0.0 C:\Users\binmohdg\myAngularSeed\angular-seed-3616b923005548c83697c8baeaa7adad
70 info lifecycle angular-seed@0.0.0~preinstall: angular-seed@0.0.0
71 silly lifecycle angular-seed@0.0.0~preinstall: no script for preinstall, continuing
72 silly build angular-seed@0.0.0
73 info linkStuff angular-seed@0.0.0
74 silly linkStuff angular-seed@0.0.0 has C:\Users\binmohdg as its parent node_modules
75 verbose linkBins angular-seed@0.0.0
76 verbose linkMans angular-seed@0.0.0
77 silly install angular-seed@0.0.0 C:\Users\binmohdg\myAngularSeed\angular-seed-3616b923005548c83697c8baeaa7adad
78 info lifecycle angular-seed@0.0.0~install: angular-seed@0.0.0
79 silly lifecycle angular-seed@0.0.0~install: no script for install, continuing
80 silly postinstall angular-seed@0.0.0 C:\Users\binmohdg\myAngularSeed\angular-seed-3616b923005548c83697c8baeaa7adad
81 info lifecycle angular-seed@0.0.0~postinstall: angular-seed@0.0.0
82 verbose lifecycle angular-seed@0.0.0~postinstall: unsafe-perm in lifecycle true
83 verbose lifecycle angular-seed@0.0.0~postinstall: PATH: C:\Program Files\nodejs\node_modules\npm\bin\node-gyp-bin;C:\Users\binmohdg\myAngularSeed\node_modules\.bin;C:\Users\binmohdg\bin;C:\Program Files\Git\mingw64\bin;C:\Program Files\Git\usr\local\bin;C:\Program Files\Git\usr\bin;C:\Program Files\Git\usr\bin;C:\Program Files\Git\mingw64\bin;C:\Program Files\Git\usr\bin;C:\Users\binmohdg\bin;C:\ProgramData\Oracle\Java\javapath;C:\Program Files (x86)\NVIDIA Corporation\PhysX\Common;C:\windows\system32;C:\windows;C:\windows\System32\Wbem;C:\windows\System32\WindowsPowerShell\v1.0;C:\Program Files\nodejs;C:\windows\system32\config\systemprofile\.dnx\bin;C:\Program Files\Microsoft DNX\Dnvm;C:\Program Files (x86)\QuickTime\QTSystem;C:\Program Files (x86)\Skype\Phone;C:\Users\binmohdg\AppData\Roaming\npm;C:\Program Files\Git\usr\bin\vendor_perl;C:\Program Files\Git\usr\bin\core_perl
84 verbose lifecycle angular-seed@0.0.0~postinstall: CWD: C:\Users\binmohdg\myAngularSeed
85 silly lifecycle angular-seed@0.0.0~postinstall: Args: [ '/d /s /c', 'bower install' ]
86 silly lifecycle angular-seed@0.0.0~postinstall: Returned: code: 1  signal: null
87 info lifecycle angular-seed@0.0.0~postinstall: Failed to exec postinstall script
88 verbose stack Error: angular-seed@0.0.0 postinstall: `bower install`
88 verbose stack Exit status 1
88 verbose stack     at EventEmitter.<anonymous> (C:\Program Files\nodejs\node_modules\npm\lib\utils\lifecycle.js:232:16)
88 verbose stack     at emitTwo (events.js:87:13)
88 verbose stack     at EventEmitter.emit (events.js:172:7)
88 verbose stack     at ChildProcess.<anonymous> (C:\Program Files\nodejs\node_modules\npm\lib\utils\spawn.js:24:14)
88 verbose stack     at emitTwo (events.js:87:13)
88 verbose stack     at ChildProcess.emit (events.js:172:7)
88 verbose stack     at maybeClose (internal/child_process.js:821:16)
88 verbose stack     at Process.ChildProcess._handle.onexit (internal/child_process.js:211:5)
89 verbose pkgid angular-seed@0.0.0
90 verbose cwd C:\Users\binmohdg\myAngularSeed
91 error Windows_NT 6.3.9600
92 error argv "C:\\Program Files\\nodejs\\node.exe" "C:\\Program Files\\nodejs\\node_modules\\npm\\bin\\npm-cli.js" "install"
93 error node v5.4.1
94 error npm  v3.3.12
95 error code ELIFECYCLE
96 error angular-seed@0.0.0 postinstall: `bower install`
96 error Exit status 1
97 error Failed at the angular-seed@0.0.0 postinstall script 'bower install'.
97 error Make sure you have the latest version of node.js and npm installed.
97 error If you do, this is most likely a problem with the angular-seed package,
97 error not with npm itself.
97 error Tell the author that this fails on your system:
97 error     bower install
97 error You can get their info via:
97 error     npm owner ls angular-seed
97 error There is likely additional logging output above.
98 verbose exit [ 1, true ]
